<?xml version="1.0" encoding="UTF-8"?>
<testsuite name="LoginPageTest"
           tests="3"
           failures="0"
           errors="0"
           skipped="0"
           time="8.748">
  <properties />
  
  
            <testcase name="verifyUserShouldNavigateToRegisterPageSuccessfully" time="1.682" classname="com.nopcommerce.demo.testsuite.RegisterPageTest" />
                <testcase name="verifyThatFirstNameLastNameEmailPasswordAndConfirmPasswordFieldsAreMandatory" time="1.652" classname="com.nopcommerce.demo.testsuite.RegisterPageTest" />
                <testcase name="verifyThatUserShouldCreateAccountSuccessfully" time="5.414" classname="com.nopcommerce.demo.testsuite.RegisterPageTest" />
      
</testsuite>
